com.shop.android/proguard-project.txt
# To enable ProGuard in your project, edit project.properties
# to define the proguard.config property as described in that file.
#
# Add project specific ProGuard rules here.
# By default, the flags in this file are appended to flags specified
# in ${sdk.dir}/tools/proguard/proguard-android.txt
# You can edit the include path and order by changing the ProGuard
# include property in project.properties.
#
# For more details, see
#   http://developer.android.com/guide/developing/tools/proguard.html

# Add any project specific keep options here:

# If your project uses WebView with JS, uncomment the following
# and specify the fully qualified class name to the JavaScript interface
# class:
#-keepclassmembers class fqcn.of.javascript.interface.for.webview {
#   public *;
#}

########################### BEGIN proguard-android-optimize.txt ###########################

-optimizations !code/simplification/arithmetic,!field/*,!class/merging/*
-optimizationpasses 5
-allowaccessmodification
-dontpreverify

# The remainder of this file is identical to the non-optimized version
# of the Proguard configuration file (except that the other file has
# flags to turn off optimization).

-dontusemixedcaseclassnames
-dontskipnonpubliclibraryclasses
-verbose

#-keepattributes *Annotation*
-keep public class com.google.vending.licensing.ILicensingService
-keep public class com.android.vending.licensing.ILicensingService

# For native methods, see http://proguard.sourceforge.net/manual/examples.html#native
-keepclasseswithmembernames class * {
    native <methods>;
}

# keep setters in Views so that animations can still work.
# see http://proguard.sourceforge.net/manual/examples.html#beans
-keepclassmembers public class * extends android.view.View {
   void set*(***);
   *** get*();
}

# We want to keep methods in Activity that could be used in the XML attribute onClick
-keepclassmembers class * extends android.app.Activity {
   public void *(android.view.View);
}

# For enumeration classes, see http://proguard.sourceforge.net/manual/examples.html#enumerations
-keepclassmembers enum * {
    public static **[] values();
    public static ** valueOf(java.lang.String);
}

-keep class * implements android.os.Parcelable {
  public static final android.os.Parcelable$Creator *;
}

-keepclassmembers class **.R$* {
    public static <fields>;
}

# The support library contains references to newer platform versions.
# Don't warn about those in case this app is linking against an older
# platform version.  We know about them, and they are safe.
-dontwarn android.support.**
########################### END proguard-android-optimize.txt ###########################


-dontwarn pt.rocket.jumia.dev.R*
-dontwarn com.ad4screen.R*

#-dontwarn org.apache.harmony.**
#-dontwarn org.mockito.**
-dontwarn sun.reflect.**
-dontwarn android.test.**
-dontwarn com.sun.mail.imap.protocol.**
-keep public class android.net.http.SslError
-keep public class android.webkit.WebViewClient
-dontnote android.support.**

-dontwarn android.webkit.WebView
-dontwarn android.webkit.Network
-dontwarn com.shouldit.proxy.lib.ProxyUtils
-dontwarn com.google.android.**
-dontwarn sun.misc.Unsafe
-dontwarn android.net.http.SslError
-dontwarn android.webkit.WebViewClient

-dontnote com.google.vending.licensing.ILicensingService
-dontnote com.android.vending.licensing.ILicensingService

-libraryjars ../pt.rocket.framework/libs/newrelic.android.jar(!sun.misc.Unsafe)
-libraryjars bin/classes(com/google/android/gms/R*.class)

-libraryjars bin/classes(com/ad4screen/sdk/R*.class)
-keepattributes InnerClasses,Signature,Exceptions,EnclosingMethod,SourceFile,LineNumberTable,*Annotation*
-renamesourcefileattribute SourceFile

-dontwarn java.awt.**,javax.security.**,java.beans.**

#-keep class com.google.android.gms { int location_client_powered_by_google; }

-keep public class * extends android.support.v4.app.Fragment
-keep class android.support.v4.app.Fragment
-keep class android.support.v4.app.FragmentManager
-keep class com.google.ads.AdRequest$Gender
-keep class com.google.ads.mediation.MediationInterstitialAdapter
-keep class com.google.ads.mediation.MediationBannerAdapter
-keep class com.google.ads.AdRequest$ErrorCode
-keep class com.google.ads.mediation.NetworkExtras
-keep class android.support.v4.content.Loader
-keep class com.ad4screen.sdk.common.annotations.API

-keep class com.ad4screen.sdk.f

-keep class com.ad4screen.sdk.a.a.g

-keep class com.ad4screen.sdk.a.a.e

-keep class * extends java.util.ListResourceBundle {
    protected java.lang.Object[][] getContents();
}

-keep public class com.google.android.gms.common.internal.safeparcel.SafeParcelable {
    public static final *** NULL;
}

-keepnames @com.google.android.gms.common.annotation.KeepName class *
-keepclassmembernames class * {
    @com.google.android.gms.common.annotation.KeepName *;
}

-keepnames class * implements android.os.Parcelable {
    public static final ** CREATOR;
}




-keep class android.support.v4.content.Loader$OnLoadCompleteListener
-keep class android.support.v4.app.FragmentTransaction


-keep class com.ad4screen.sdk.inbox.Button

-keep class com.ad4screen.sdk.d
-keep class com.ad4screen.sdk.e

-keep @com.ad4screen.sdk.common.annotations.API class * {
	public *;
	@com.ad4screen.sdk.common.annotations.API protected *; 
}

-keep class com.ad4screen.sdk.IA4SService {
	public *;
}

-keep class com.ad4screen.sdk.IA4SService$Stub {
	public *;
}

-keep class com.ad4screen.sdk.plugins.** { *; }

-keep class com.ad4screen.sdk.inbox.Message

-keep class android.support.v4.app.Fragment$SavedState

-keep class com.google.ads.mediation.MediationAdapter

-dontwarn com.ad4screen.sdk.plugins.**

-keep public class * extends android.app.Activity
-keep public class * extends android.app.Application
-keep public class * extends android.app.Service
-keep public class * extends android.content.BroadcastReceiver
-keep public class * extends android.content.ContentProvider
-keep public class * extends android.app.backup.BackupAgentHelper
-keep public class * extends android.preference.Preference

-keepclasseswithmembers class * {
    public <init>(android.content.Context, android.util.AttributeSet);
}

-keepclasseswithmembers class * {
    public <init>(android.content.Context, android.util.AttributeSet, int);

}

-keep class com.newrelic.** { *; }
-dontwarn com.newrelic.**
-keepattributes Exceptions, Signature, InnerClasses

#-keep class org.apache.harmony.** { *; }
#-dontwarn org.apache.harmony.**
-keepattributes Signature

-keep class com.facebook.** { *; }
-keepattributes Signature

-keep class com.google.android.** { *; }
-keepattributes Signature

# BEGIN ADJUST
-keep class com.adjust.sdk.** { *; }
-keep class com.google.android.gms.common.** { *; }
-keep class com.google.android.gms.ads.identifier.** { *; }
# END ADJUST

# BEGIN APPTIMIZE
-keep class com.apptimize.**

-keepclassmembers class * extends com.apptimize.ApptimizeTest {
    <methods>;
}

-keep class android.support.v4.view.ViewPager
-keepclassmembers class android.support.v4.view.ViewPager$LayoutParams { *; }
-keep class android.support.v4.app.Fragment { *; }

#-keep class com.mixpanel.android.mpmetrics.MixpanelAPI { *;}
-keep class com.google.android.gms.analytics.Tracker { *; }
#-keep class com.google.analytics.tracking.android.Tracker { *; }
#-keep class com.flurry.android.FlurryAgent { *; }
# END APPTIMIZE

# BEGIN ACTIONBARSHERLOCK
-keep class android.support.v4.app.** { *; }
-keep interface android.support.v4.app.** { *; }
-keep class com.actionbarsherlock.** { *; }
-keep interface com.actionbarsherlock.** { *; }

#-keepattributes *Annotation*
# END ACTIONBARSHERLOCK

# Fix crash with ActionBarSherlock
-keep class * extends com.actionbarsherlock.** { *; }