com.shop.android/proguard/seeds.txt
com.shop.android.R$anim: int anim_remove_product_shopcart
com.shop.android.R$anim: int anim_scale
com.shop.android.R$anim: int com_ad4screen_sdk_fade_in
com.shop.android.R$anim: int com_ad4screen_sdk_fade_out
com.shop.android.R$anim: int com_ad4screen_sdk_notification_slide_from_bottom
com.shop.android.R$anim: int com_ad4screen_sdk_notification_slide_to_bottom
com.shop.android.R$anim: int fade_in
com.shop.android.R$anim: int fade_out
com.shop.android.R$anim: int pop_in
com.shop.android.R$anim: int pop_out
com.shop.android.R$anim: int slide_in_left
com.shop.android.R$anim: int slide_in_right
com.shop.android.R$anim: int slide_out_left
com.shop.android.R$anim: int slide_out_right
com.shop.android.R$animator: int activityfadein
com.shop.android.R$animator: int com_ad4screen_sdk_flip_in
com.shop.android.R$animator: int splashfadeout
com.shop.android.R$array: int country_protocol
com.shop.android.R$array: int fkey_livekeys
com.shop.android.R$array: int fkey_testkeys
com.shop.android.R$array: int formatter_currency_codes
com.shop.android.R$array: int formatter_currency_unit_pattern
com.shop.android.R$array: int ga_livekeys
com.shop.android.R$array: int ga_testkeys
com.shop.android.R$array: int icons
com.shop.android.R$array: int myaccount_array
com.shop.android.R$array: int navigation_items
com.shop.android.R$array: int passwords
com.shop.android.R$array: int pre_install_folders
com.shop.android.R$array: int products_picker
com.shop.android.R$array: int restbase_paths
com.shop.android.R$array: int servers
com.shop.android.R$array: int users
com.shop.android.R$attr: int actionBarDivider
com.shop.android.R$attr: int actionBarItemBackground
com.shop.android.R$attr: int actionBarSize
com.shop.android.R$attr: int actionBarSplitStyle
com.shop.android.R$attr: int actionBarStyle
com.shop.android.R$attr: int actionBarTabBarStyle
com.shop.android.R$attr: int actionBarTabStyle
com.shop.android.R$attr: int actionBarTabTextStyle
com.shop.android.R$attr: int actionBarWidgetTheme
com.shop.android.R$attr: int actionButtonStyle
com.shop.android.R$attr: int actionCustomSpinnerDropDownStyle
com.shop.android.R$attr: int actionDropDownStyle
com.shop.android.R$attr: int actionMenuTextAppearance
com.shop.android.R$attr: int actionMenuTextColor
com.shop.android.R$attr: int actionModeBackground
com.shop.android.R$attr: int actionModeCloseButtonStyle
com.shop.android.R$attr: int actionModeCloseDrawable
com.shop.android.R$attr: int actionModePopupWindowStyle
com.shop.android.R$attr: int actionModeShareDrawable
com.shop.android.R$attr: int actionModeSplitBackground
com.shop.android.R$attr: int actionModeStyle
com.shop.android.R$attr: int actionOverflowButtonStyle
com.shop.android.R$attr: int actionSpinnerItemStyle
com.shop.android.R$attr: int activatedBackgroundIndicator
com.shop.android.R$attr: int activityChooserViewStyle
com.shop.android.R$attr: int adSize
com.shop.android.R$attr: int adSizes
com.shop.android.R$attr: int adUnitId
com.shop.android.R$attr: int appTheme
com.shop.android.R$attr: int auxiliary_view_position
...
com.google.android.gms.internal.hw$a
com.google.android.gms.internal.hw$a: hw$a()
com.google.android.gms.internal.hw$a: com.google.android.gms.internal.hw G(android.os.IBinder)
com.google.android.gms.internal.hw$a: android.os.IBinder asBinder()
com.google.android.gms.internal.hw$a: boolean onTransact(int,android.os.Parcel,android.os.Parcel,int)
com.google.android.gms.internal.hw$a$a
com.google.android.gms.internal.hw$a$a: android.os.IBinder lb
com.google.android.gms.internal.hw$a$a: hw$a$a(android.os.IBinder)
com.google.android.gms.internal.hw$a$a: android.os.IBinder asBinder()
com.google.android.gms.internal.hw$a$a: void a(com.google.android.gms.common.api.Status)
com.google.android.gms.internal.hw$a$a: void a(com.google.android.gms.common.api.Status,android.os.ParcelFileDescriptor)
com.google.android.gms.internal.hw$a$a: void a(com.google.android.gms.common.api.Status,boolean)
com.google.android.gms.internal.hw$a$a: void a(com.google.android.gms.internal.hm$b)
com.google.android.gms.internal.hx
com.google.android.gms.internal.hx: com.google.android.gms.common.api.BaseImplementation$b CH
com.google.android.gms.internal.hx: hx(com.google.android.gms.common.api.BaseImplementation$b)
com.google.android.gms.internal.hx: void a(com.google.android.gms.common.api.Status)
com.google.android.gms.internal.hx: void a(com.google.android.gms.common.api.Status,android.os.ParcelFileDescriptor)
com.google.android.gms.internal.hx: void a(com.google.android.gms.common.api.Status,boolean)
com.google.android.gms.internal.hx: void a(com.google.android.gms.internal.hm$b)
com.google.android.gms.internal.hy
com.google.android.gms.internal.hy: hy(android.content.Context,android.os.Looper,com.google.android.gms.common.api.GoogleApiClient$ConnectionCallbacks,com.google.android.gms.common.api.GoogleApiClient$OnConnectionFailedListener)
com.google.android.gms.internal.hy: com.google.android.gms.internal.hv fo()
com.google.android.gms.internal.hy: java.lang.String getStartServiceAction()
com.google.android.gms.internal.hy: java.lang.String getServiceDescriptor()
com.google.android.gms.internal.hy: com.google.android.gms.internal.hv H(android.os.IBinder)
com.google.android.gms.internal.hy: void a(com.google.android.gms.common.internal.k,com.google.android.gms.common.internal.d$e)
com.google.android.gms.internal.hy: android.os.IInterface j(android.os.IBinder)
com.google.android.gms.internal.hz
com.google.android.gms.internal.hz: hz()
com.google.android.gms.internal.hz: com.google.android.gms.common.api.PendingResult a(com.google.android.gms.common.api.GoogleApiClient,com.google.android.gms.internal.hs[])
com.google.android.gms.internal.hz: com.google.android.gms.common.api.PendingResult view(com.google.android.gms.common.api.GoogleApiClient,android.app.Activity,android.content.Intent,java.lang.String,android.net.Uri,java.util.List)
com.google.android.gms.internal.hz: com.google.android.gms.common.api.PendingResult viewEnd(com.google.android.gms.common.api.GoogleApiClient,android.app.Activity,android.content.Intent)
com.google.android.gms.internal.hz: android.net.Uri a(java.lang.String,android.net.Uri)
com.google.android.gms.internal.hz: com.google.android.gms.common.api.PendingResult view(com.google.android.gms.common.api.GoogleApiClient,android.app.Activity,android.net.Uri,java.lang.String,android.net.Uri,java.util.List)
com.google.android.gms.internal.hz: com.google.android.gms.common.api.PendingResult viewEnd(com.google.android.gms.common.api.GoogleApiClient,android.app.Activity,android.net.Uri)
com.google.android.gms.internal.hz$1
com.google.android.gms.internal.hz$1: void a(com.google.android.gms.internal.hv)
com.google.android.gms.internal.hz$1: com.google.android.gms.internal.hu$a b(com.google.android.gms.common.api.Status)
com.google.android.gms.internal.hz$1: com.google.android.gms.common.api.Result c(com.google.android.gms.common.api.Status)