com.shop.android/proguard/usage.txt
com.shop.android.BuildConfig
com.shop.android.Manifest
com.shop.android.Manifest$permission
com.shop.android.R
com.shop.android.R$anim
com.shop.android.R$animator
com.shop.android.R$array
com.shop.android.R$attr
com.shop.android.R$bool
com.shop.android.R$color
com.shop.android.R$dimen
com.shop.android.R$drawable
com.shop.android.R$id
com.shop.android.R$integer
com.shop.android.R$layout
com.shop.android.R$menu
com.shop.android.R$plurals
com.shop.android.R$raw
com.shop.android.R$string
com.shop.android.R$style
com.shop.android.R$styleable
com.shop.android.R$xml
...
pt.rocket.view.fragments.CheckoutExternalPaymentFragment$CustomWebViewClient:
    private static final java.lang.String SUCCESS_URL_TAG
    private static final java.lang.String JAVASCRIPT_PROCESS
pt.rocket.view.fragments.CheckoutExternalPaymentFragment$JavaScriptInterface:
    590:637:public void processContent(java.lang.String)
    584:584:static synthetic pt.rocket.view.fragments.CheckoutExternalPaymentFragment access$1(pt.rocket.view.fragments.CheckoutExternalPaymentFragment$JavaScriptInterface)
pt.rocket.view.fragments.CheckoutExternalPaymentFragment$JavaScriptInterface$1
pt.rocket.view.fragments.CheckoutMyAddressesFragment:
    private static final java.lang.String IS_SAME_ADDRESS
    private static final java.lang.String ISNT_SAME_ADDRESS
    private static final java.lang.String BILLING_ID_TAG
    private static final java.lang.String SHIPPING_ID_TAG
    private static final java.lang.String IS_SAME_TAG
pt.rocket.view.fragments.CheckoutPaymentMethodsFragment:
    private static final java.lang.String SAVED_STATE
pt.rocket.view.fragments.CheckoutShippingMethodsFragment:
    private static final java.lang.String SELECTION_STATE
    private static final java.lang.String SUB_SELECTION_STATE
pt.rocket.view.fragments.CheckoutThanksFragment:
    pt.rocket.framework.objects.Customer mCustomer
pt.rocket.view.fragments.CheckoutWebFragment:
    private static final java.lang.String CHECKOUT_URL_WITH_PARAM
    390:394:private void trackPurchase(org.json.JSONObject)
    78:78:static synthetic android.os.Handler access$6(pt.rocket.view.fragments.CheckoutWebFragment)
    389:389:static synthetic void access$7(pt.rocket.view.fragments.CheckoutWebFragment,org.json.JSONObject)
    76:76:static synthetic pt.rocket.framework.objects.Customer access$8(pt.rocket.view.fragments.CheckoutWebFragment)
pt.rocket.view.fragments.CheckoutWebFragment$CustomWebViewClient:
    private static final java.lang.String SUCCESS_URL_TAG
    private static final java.lang.String JAVASCRIPT_PROCESS
pt.rocket.view.fragments.CheckoutWebFragment$JavaScriptInterface:
    538:575:public void processContent(java.lang.String)
    532:532:static synthetic pt.rocket.view.fragments.CheckoutWebFragment access$1(pt.rocket.view.fragments.CheckoutWebFragment$JavaScriptInterface)
pt.rocket.view.fragments.CheckoutWebFragment$JavaScriptInterface$1
pt.rocket.view.fragments.ChooseCountryFragment:
    private static final int SHOP_NOT_SELECTED
pt.rocket.view.fragments.FavouritesFragment:
    protected static final int SINGLE_ITEM
    protected static final int NO_ERROR
    protected static final java.lang.String VARIATION_PICKER_ID
pt.rocket.view.fragments.HeadlessAddToCartFragment:
    private static final int DELAY_FOR_EACH_ITEM
    private static final java.lang.String P_TAG
    private static final java.lang.String SKU_TAG
    private static final java.lang.String QT_TAG
    private static final java.lang.String DEF_QT_VALUE
    270:272:private void startTimer()
pt.rocket.view.fragments.HomeFragment:
    private static final java.lang.String PAGER_POSITION_KEY
pt.rocket.view.fragments.HomePageFragment:
    public static final java.lang.String HOME_PAGE_KEY
    public static final java.lang.String SCROLL_STATE_KEY
pt.rocket.view.fragments.MyAccountEmailNotificationFragment:
    private static final int UNSUBSCRIBE_VALUE
pt.rocket.view.fragments.MyAccountFragment:
    public static final int POSITION_USER_DATA
    public static final int POSITION_EMAIL
pt.rocket.view.fragments.MyAccountUserDataFragment:
    private static final int PASSWORD_MINLENGTH
pt.rocket.view.fragments.NavigationCategoryFragment:
    private static final int HEADER_FOR_BACK_POSITION
    private static final int HEADER_FOR_ALL_POSITION